<?xml version="1.0" encoding="UTF-8"?>
<!-- Generated by org.testng.reporters.JUnitReportReporter -->
<testsuite skipped="0" hostname="USBLRPRIYADAV2" name="com.csp.com.csp.system.NewTest" tests="2" failures="0" timestamp="29 Sep 2017 14:31:23 GMT" time="0.007" errors="0">
  <testcase name="f2" time="0.001" classname="com.csp.com.csp.system.NewTest"/>
  <testcase name="f1" time="0.006" classname="com.csp.com.csp.system.NewTest"/>
</testsuite> <!-- com.csp.com.csp.system.NewTest -->
