<?xml version="1.0" encoding="UTF-8"?>
<!-- Generated by org.testng.reporters.JUnitReportReporter -->
<testsuite skipped="0" hostname="USBLRPRIYADAV2" name="com.csp.system.TestNG" tests="1" failures="0" timestamp="26 Sep 2017 15:10:24 GMT" time="71.486" errors="0">
  <testcase name="loginSuccess" time="71.486" classname="com.csp.system.TestNG"/>
</testsuite> <!-- com.csp.system.TestNG -->
